<?xml version="1.0" encoding="UTF-8"?>
<!-- Generated by org.testng.reporters.JUnitReportReporter -->
<testsuite hostname="MSI" failures="0" tests="1" name="Node_Hub.base" time="7.607" errors="0" timestamp="2023-12-02T16:03:11 IST" skipped="0">
  <testcase classname="Node_Hub.base" name="Grid1" time="7.607"/>
  <system-out/>
</testsuite> <!-- Node_Hub.base -->
