<?xml version="1.0" encoding="UTF-8"?>
<!-- Generated by org.testng.reporters.JUnitReportReporter -->
<testsuite hostname="MSI" failures="0" tests="1" name="StarHealthHomePage.StarHealth002" time="3.944" errors="0" timestamp="2023-10-25T09:34:56 IST" skipped="0">
  <testcase classname="StarHealthHomePage.StarHealth002" name="links" time="3.944"/>
  <system-out/>
</testsuite> <!-- StarHealthHomePage.StarHealth002 -->
