<?xml version="1.0" encoding="UTF-8"?>
<!-- Generated by org.testng.reporters.JUnitReportReporter -->
<testsuite hostname="MSI" failures="0" tests="3" name="com.app.TDD.demo.TestPopulationSearch" time="0.009" errors="0" timestamp="2023-10-12T18:13:01 IST" skipped="0">
  <testcase classname="com.app.TDD.demo.TestPopulationSearch" name="findpopulation" time="0.008"/>
  <system-out/>
  <testcase classname="com.app.TDD.demo.TestPopulationSearch" name="findpopulationEmptyInput" time="0.000"/>
  <system-out/>
  <testcase classname="com.app.TDD.demo.TestPopulationSearch" name="findpopulationInvalidInput" time="0.001"/>
  <system-out/>
</testsuite> <!-- com.app.TDD.demo.TestPopulationSearch -->
