<?xml version="1.0" encoding="UTF-8"?>
<!-- Generated by org.testng.reporters.JUnitReportReporter -->
<testsuite hostname="MSI" failures="0" tests="1" name="RestAssuredScripts.Script004PayloadJSON" time="2.486" errors="0" timestamp="2023-11-08T11:59:17 IST" skipped="0">
  <testcase classname="RestAssuredScripts.Script004PayloadJSON" name="payloadJson" time="2.486"/>
  <system-out/>
</testsuite> <!-- RestAssuredScripts.Script004PayloadJSON -->
