<?xml version="1.0" encoding="UTF-8"?>
<!-- Generated by org.testng.reporters.JUnitReportReporter -->
<testsuite hostname="MSI" failures="0" tests="3" name="RestAssuredScripts.Script007HamcrestValidateMethods" time="2.866" errors="0" timestamp="2023-11-09T10:20:08 IST" skipped="2">
  <testcase classname="RestAssuredScripts.Script007HamcrestValidateMethods" name="validateResponseBody_hasItems" time="2.866"/>
  <system-out/>
  <testcase classname="RestAssuredScripts.Script007HamcrestValidateMethods" name="validateResponseBody">
    <skipped/>
  </testcase> <!-- validateResponseBody -->
  <system-out/>
  <testcase classname="RestAssuredScripts.Script007HamcrestValidateMethods" name="validateResponseBody_equalTo">
    <skipped/>
  </testcase> <!-- validateResponseBody_equalTo -->
  <system-out/>
</testsuite> <!-- RestAssuredScripts.Script007HamcrestValidateMethods -->
