<?xml version="1.0" encoding="UTF-8"?>
<!-- Generated by org.testng.reporters.JUnitReportReporter -->
<testsuite hostname="MSI" failures="0" tests="1" name="RestAssuredScripts.Script003PostMethod" time="1.826" errors="0" timestamp="2023-11-08T10:52:20 IST" skipped="0">
  <testcase classname="RestAssuredScripts.Script003PostMethod" name="postmethods" time="1.826"/>
  <system-out/>
</testsuite> <!-- RestAssuredScripts.Script003PostMethod -->
