<?xml version="1.0" encoding="UTF-8"?>
<!-- Generated by org.testng.reporters.JUnitReportReporter -->
<testsuite hostname="MSI" failures="0" tests="2" name="RestAssuredScripts.Script002GetMethod" time="1.240" errors="0" timestamp="2023-11-08T10:30:35 IST" skipped="1">
  <testcase classname="RestAssuredScripts.Script002GetMethod" name="getMethodBDD" time="1.240"/>
  <system-out/>
  <testcase classname="RestAssuredScripts.Script002GetMethod" name="httpGetMethod">
    <skipped/>
  </testcase> <!-- httpGetMethod -->
  <system-out/>
</testsuite> <!-- RestAssuredScripts.Script002GetMethod -->
