<?xml version="1.0" encoding="UTF-8"?>
<!-- Generated by org.testng.reporters.JUnitReportReporter -->
<testsuite hostname="MSI" failures="0" tests="2" name="PhaseEndProject.RestAssured002" time="3.906" errors="0" timestamp="2023-11-10T16:35:21 IST" skipped="0">
  <testcase classname="PhaseEndProject.RestAssured002" name="Putreq" time="2.753"/>
  <system-out/>
  <testcase classname="PhaseEndProject.RestAssured002" name="assignment002Put" time="1.153"/>
  <system-out/>
</testsuite> <!-- PhaseEndProject.RestAssured002 -->
