<?xml version="1.0" encoding="UTF-8"?>
<!-- Generated by org.testng.reporters.JUnitReportReporter -->
<testsuite hostname="MSI" failures="0" tests="1" name="RestAssuredScripts.Script006PostManAPIKey" time="2.486" errors="0" timestamp="2023-11-09T10:18:50 IST" skipped="0">
  <testcase classname="RestAssuredScripts.Script006PostManAPIKey" name="postmangetreq" time="2.486"/>
  <system-out/>
</testsuite> <!-- RestAssuredScripts.Script006PostManAPIKey -->
