<?xml version="1.0" encoding="UTF-8"?>
<!-- Generated by org.testng.reporters.JUnitReportReporter -->
<testsuite hostname="MSI" failures="0" tests="1" name="RestAssuredScripts.Script001SetupCheck" time="1.214" errors="0" timestamp="2023-11-08T10:06:32 IST" skipped="0">
  <testcase classname="RestAssuredScripts.Script001SetupCheck" name="setup" time="1.214"/>
  <system-out/>
</testsuite> <!-- RestAssuredScripts.Script001SetupCheck -->
