<?xml version="1.0" encoding="UTF-8"?>
<!-- Generated by org.testng.reporters.JUnitReportReporter -->
<testsuite hostname="MSI" failures="0" tests="1" name="RestAssuredScripts.Log4jPractice" time="0.011" errors="0" timestamp="2023-11-10T10:56:33 IST" skipped="0">
  <testcase classname="RestAssuredScripts.Log4jPractice" name="method1" time="0.011"/>
  <system-out/>
</testsuite> <!-- RestAssuredScripts.Log4jPractice -->
