<?xml version="1.0" encoding="UTF-8"?>
<!-- Generated by org.testng.reporters.JUnitReportReporter -->
<testsuite hostname="MSI" failures="0" tests="1" name="RestAssuredScripts.Script010SSLAuthentication" time="3.090" errors="0" timestamp="2023-11-09T12:07:16 IST" skipped="0">
  <testcase classname="RestAssuredScripts.Script010SSLAuthentication" name="ssl_Authentication" time="3.090"/>
  <system-out/>
</testsuite> <!-- RestAssuredScripts.Script010SSLAuthentication -->
