<?xml version="1.0" encoding="UTF-8"?>
<!-- Generated by org.testng.reporters.JUnitReportReporter -->
<testsuite hostname="MSI" failures="0" tests="2" name="RestAssuredScripts.Script009PayPalOauth2" time="3.182" errors="0" timestamp="2023-11-09T11:56:08 IST" skipped="0">
  <testcase classname="RestAssuredScripts.Script009PayPalOauth2" name="GetAcessToken" time="2.365"/>
  <system-out/>
  <testcase classname="RestAssuredScripts.Script009PayPalOauth2" name="PayPalTestAPI" time="0.817"/>
  <system-out/>
</testsuite> <!-- RestAssuredScripts.Script009PayPalOauth2 -->
