<?xml version="1.0" encoding="UTF-8"?>
<!-- Generated by org.testng.reporters.JUnitReportReporter -->
<testsuite hostname="MSI" failures="0" tests="1" name="RestAssuredScripts.Script005PayloadXML" time="2.608" errors="0" timestamp="2023-11-08T12:16:42 IST" skipped="0">
  <testcase classname="RestAssuredScripts.Script005PayloadXML" name="payloadXML" time="2.608"/>
  <system-out/>
</testsuite> <!-- RestAssuredScripts.Script005PayloadXML -->
