<?xml version="1.0" encoding="UTF-8"?>
<!-- Generated by org.testng.reporters.JUnitReportReporter -->
<testsuite hostname="MSI" failures="0" tests="3" name="PhaseEndProject.RestAssured001" time="4.838" errors="0" timestamp="2023-11-10T16:31:11 IST" skipped="0">
  <testcase classname="PhaseEndProject.RestAssured001" name="PetIdpost" time="2.502"/>
  <system-out/>
  <testcase classname="PhaseEndProject.RestAssured001" name="petIDGET" time="1.140"/>
  <system-out/>
  <testcase classname="PhaseEndProject.RestAssured001" name="petIdDel" time="1.196"/>
  <system-out/>
</testsuite> <!-- PhaseEndProject.RestAssured001 -->
