<?xml version="1.0" encoding="UTF-8"?>
<!-- Generated by org.testng.reporters.JUnitReportReporter -->
<testsuite hostname="MSI" failures="0" tests="2" name="RestAssuredScripts.Script008GitHubBearerToken" time="1.441" errors="0" timestamp="2023-11-09T10:42:26 IST" skipped="1">
  <testcase classname="RestAssuredScripts.Script008GitHubBearerToken" name="Authorization_bearertoken_SpecificRepo" time="1.441"/>
  <system-out/>
  <testcase classname="RestAssuredScripts.Script008GitHubBearerToken" name="Authorization_bearertoken">
    <skipped/>
  </testcase> <!-- Authorization_bearertoken -->
  <system-out/>
</testsuite> <!-- RestAssuredScripts.Script008GitHubBearerToken -->
