<?xml version="1.0" encoding="UTF-8"?>
<!-- Generated by org.testng.reporters.JUnitReportReporter -->
<testsuite hostname="MSI" failures="0" tests="4" name="PhaseEndProject.Assignment003" time="6.266" errors="0" timestamp="2023-11-10T16:43:59 IST" skipped="0">
  <testcase classname="PhaseEndProject.Assignment003" name="Get003" time="2.559"/>
  <system-out/>
  <testcase classname="PhaseEndProject.Assignment003" name="assignment004login" time="1.168"/>
  <system-out/>
  <testcase classname="PhaseEndProject.Assignment003" name="Assignment005" time="1.420"/>
  <system-out/>
  <testcase classname="PhaseEndProject.Assignment003" name="assignment006" time="1.119"/>
  <system-out/>
</testsuite> <!-- PhaseEndProject.Assignment003 -->
