<?xml version="1.0" encoding="UTF-8"?>
<!-- Generated by org.testng.reporters.JUnitReportReporter -->
<testsuite hostname="MSI" failures="0" tests="1" name="com.app.jenkins.TestJenkins$Seleniumtest1" time="8.189" errors="0" timestamp="2023-10-12T16:30:58 IST" skipped="0">
  <testcase classname="com.app.jenkins.TestJenkins$Seleniumtest1" name="method1" time="8.189"/>
  <system-out/>
</testsuite> <!-- com.app.jenkins.TestJenkins$Seleniumtest1 -->
