<?xml version="1.0" encoding="UTF-8"?>
<!-- Generated by org.testng.reporters.JUnitReportReporter -->
<testsuite hostname="MSI" failures="0" tests="1" name="com.app.TestNG.ExtentReports.SetupCheck" time="0.442" errors="0" timestamp="2023-10-06T10:22:11 IST" skipped="0">
  <testcase classname="com.app.TestNG.ExtentReports.SetupCheck" name="extentdemo" time="0.442"/>
  <system-out/>
</testsuite> <!-- com.app.TestNG.ExtentReports.SetupCheck -->
