<?xml version="1.0" encoding="UTF-8"?>
<!-- Generated by org.testng.reporters.JUnitReportReporter -->
<testsuite hostname="MSI" failures="0" tests="1" name="com.app.TestNGScripts.testNg1" time="5.311" errors="0" timestamp="2023-10-06T09:32:46 IST" skipped="0">
  <testcase classname="com.app.TestNGScripts.testNg1" name="gettitle" time="5.311"/>
  <system-out/>
</testsuite> <!-- com.app.TestNGScripts.testNg1 -->
