<?xml version="1.0" encoding="UTF-8"?>
<!-- Generated by org.testng.reporters.JUnitReportReporter -->
<testsuite hostname="MSI" failures="0" tests="1" name="com.app.SeleniumGrid.GridStandalone" time="8.790" errors="0" timestamp="2023-10-09T11:39:10 IST" skipped="0">
  <testcase classname="com.app.SeleniumGrid.GridStandalone" name="Grid1" time="8.790"/>
  <system-out/>
</testsuite> <!-- com.app.SeleniumGrid.GridStandalone -->
