<?xml version="1.0" encoding="UTF-8"?>
<!-- Generated by org.testng.reporters.JUnitReportReporter -->
<testsuite hostname="MSI" failures="0" tests="1" name="com.app.TestNGScripts.Assertions" time="0.394" errors="0" timestamp="2023-10-05T13:02:09 IST" skipped="0">
  <testcase classname="com.app.TestNGScripts.Assertions" name="GetTitle" time="0.394"/>
  <system-out/>
</testsuite> <!-- com.app.TestNGScripts.Assertions -->
