<?xml version="1.0" encoding="UTF-8"?>
<!-- Generated by org.testng.reporters.JUnitReportReporter -->
<testsuite hostname="MSI" failures="0" tests="1" name="com.app.TestNG.ExtentReports.ExtentReport" time="0.901" errors="0" timestamp="2023-10-06T10:35:03 IST" skipped="0">
  <testcase classname="com.app.TestNG.ExtentReports.ExtentReport" name="extent1" time="0.901"/>
  <system-out/>
</testsuite> <!-- com.app.TestNG.ExtentReports.ExtentReport -->
