<?xml version="1.0" encoding="UTF-8"?>
<!-- Generated by org.testng.reporters.JUnitReportReporter -->
<testsuite hostname="MSI" failures="0" tests="2" name="com.app.TestNGScripts.Assertions2" time="0.010" errors="0" timestamp="2023-10-06T09:23:44 IST" skipped="0">
  <testcase classname="com.app.TestNGScripts.Assertions2" name="method2" time="0.001"/>
  <system-out/>
  <testcase classname="com.app.TestNGScripts.Assertions2" name="method1" time="0.009"/>
  <system-out/>
</testsuite> <!-- com.app.TestNGScripts.Assertions2 -->
