<?xml version="1.0" encoding="UTF-8"?>
<!-- Generated by org.testng.reporters.JUnitReportReporter -->
<testsuite hostname="MSI" failures="0" tests="5" name="com.app.TestNG.DataDrivenTesting.CreatingAAccount" time="11.616" errors="0" timestamp="2023-10-06T13:18:02 IST" skipped="0">
  <testcase classname="com.app.TestNG.DataDrivenTesting.CreatingAAccount" name="CreateAccount" time="2.312"/>
  <system-out/>
  <testcase classname="com.app.TestNG.DataDrivenTesting.CreatingAAccount" name="CreateAccount" time="2.325"/>
  <system-out/>
  <testcase classname="com.app.TestNG.DataDrivenTesting.CreatingAAccount" name="CreateAccount" time="2.313"/>
  <system-out/>
  <testcase classname="com.app.TestNG.DataDrivenTesting.CreatingAAccount" name="CreateAccount" time="2.313"/>
  <system-out/>
  <testcase classname="com.app.TestNG.DataDrivenTesting.CreatingAAccount" name="CreateAccount" time="2.353"/>
  <system-out/>
</testsuite> <!-- com.app.TestNG.DataDrivenTesting.CreatingAAccount -->
