<?xml version="1.0" encoding="UTF-8"?>
<!-- Generated by org.testng.reporters.JUnitReportReporter -->
<testsuite hostname="MSI" failures="0" tests="2" name="com.sportyShoe.SeleniumCucumberScripts.RegisterPage" time="6.591" errors="0" timestamp="2023-11-14T12:36:09 IST" skipped="0">
  <testcase classname="com.sportyShoe.SeleniumCucumberScripts.RegisterPage" name="openbrowser" time="4.374"/>
  <system-out/>
  <testcase classname="com.sportyShoe.SeleniumCucumberScripts.RegisterPage" name="loginyourslef" time="2.217"/>
  <system-out/>
</testsuite> <!-- com.sportyShoe.SeleniumCucumberScripts.RegisterPage -->
