<?xml version="1.0" encoding="UTF-8"?>
<!-- Generated by org.testng.reporters.JUnitReportReporter -->
<testsuite hostname="MSI" failures="0" tests="2" name="com.sportyShoe.RestAssured.AddingAndUpdatingShoe" time="1.521" errors="0" timestamp="2023-11-15T13:14:09 IST" skipped="0">
  <testcase classname="com.sportyShoe.RestAssured.AddingAndUpdatingShoe" name="updateShoe" time="0.036"/>
  <system-out/>
  <testcase classname="com.sportyShoe.RestAssured.AddingAndUpdatingShoe" name="addShoe" time="1.485"/>
  <system-out/>
</testsuite> <!-- com.sportyShoe.RestAssured.AddingAndUpdatingShoe -->
