<?xml version="1.0" encoding="UTF-8"?>
<!-- Generated by org.testng.reporters.JUnitReportReporter -->
<testsuite hostname="MSI" failures="0" tests="2" name="com.sportyShoe.SeleniumCucumberScripts.setupcheck" time="2.596" errors="0" timestamp="2023-11-14T10:45:35 IST" skipped="0">
  <testcase classname="com.sportyShoe.SeleniumCucumberScripts.setupcheck" name="openbrowser" time="2.255"/>
  <system-out/>
  <testcase classname="com.sportyShoe.SeleniumCucumberScripts.setupcheck" name="loginPage" time="0.341"/>
  <system-out/>
</testsuite> <!-- com.sportyShoe.SeleniumCucumberScripts.setupcheck -->
