<?xml version="1.0" encoding="UTF-8"?>
<!-- Generated by org.testng.reporters.JUnitReportReporter -->
<testsuite hostname="MSI" failures="0" tests="3" name="com.sportyShoe.Tests.OrderPageTest" time="0.347" errors="0" timestamp="2023-11-15T13:13:07 IST" skipped="0">
  <testcase classname="com.sportyShoe.Tests.OrderPageTest" name="test_login" time="0.258"/>
  <system-out/>
  <testcase classname="com.sportyShoe.Tests.OrderPageTest" name="test_click_orders" time="0.078"/>
  <system-out/>
  <testcase classname="com.sportyShoe.Tests.OrderPageTest" name="test_getTitle_page" time="0.011"/>
  <system-out/>
</testsuite> <!-- com.sportyShoe.Tests.OrderPageTest -->
