<?xml version="1.0" encoding="UTF-8"?>
<!-- Generated by org.testng.reporters.JUnitReportReporter -->
<testsuite hostname="MSI" failures="0" tests="2" name="com.sportyShoe.RestAssured.GetAllShoesAndUsers" time="1.005" errors="0" timestamp="2023-11-15T13:13:54 IST" skipped="0">
  <testcase classname="com.sportyShoe.RestAssured.GetAllShoesAndUsers" name="get_all_shoes" time="0.988"/>
  <system-out/>
  <testcase classname="com.sportyShoe.RestAssured.GetAllShoesAndUsers" name="get_all_user" time="0.017"/>
  <system-out/>
</testsuite> <!-- com.sportyShoe.RestAssured.GetAllShoesAndUsers -->
