<?xml version="1.0" encoding="UTF-8"?>
<!-- Generated by org.testng.reporters.JUnitReportReporter -->
<testsuite hostname="MSI" failures="0" tests="2" name="com.sportyShoe.RestAssured.GetAllShoes" time="1.057" errors="0" timestamp="2023-11-14T10:07:41 IST" skipped="1">
  <testcase classname="com.sportyShoe.RestAssured.GetAllShoes" name="get_all_user" time="1.057"/>
  <system-out/>
  <testcase classname="com.sportyShoe.RestAssured.GetAllShoes" name="get_all_shoes">
    <skipped/>
  </testcase> <!-- get_all_shoes -->
  <system-out/>
</testsuite> <!-- com.sportyShoe.RestAssured.GetAllShoes -->
