<?xml version="1.0" encoding="UTF-8"?>
<!-- Generated by org.testng.reporters.JUnitReportReporter -->
<testsuite hostname="MSI" failures="0" tests="3" name="com.sportyShoe.Tests.AddingToCartTest" time="0.325" errors="0" timestamp="2023-11-15T13:12:31 IST" skipped="0">
  <testcase classname="com.sportyShoe.Tests.AddingToCartTest" name="test_login" time="0.193"/>
  <system-out/>
  <testcase classname="com.sportyShoe.Tests.AddingToCartTest" name="test_add_product_to_cart" time="0.103"/>
  <system-out/>
  <testcase classname="com.sportyShoe.Tests.AddingToCartTest" name="test_validate_success_message" time="0.029"/>
  <system-out/>
</testsuite> <!-- com.sportyShoe.Tests.AddingToCartTest -->
