<?xml version="1.0" encoding="UTF-8"?>
<!-- Generated by org.testng.reporters.JUnitReportReporter -->
<testsuite hostname="MSI" failures="0" tests="3" name="com.sportyShoe.Tests.HomepageTest" time="3.758" errors="0" timestamp="2023-11-15T13:10:02 IST" skipped="0">
  <testcase classname="com.sportyShoe.Tests.HomepageTest" name="test_getTitle_page" time="2.026"/>
  <system-out/>
  <testcase classname="com.sportyShoe.Tests.HomepageTest" name="Test_validate_text_on_page" time="0.025"/>
  <system-out/>
  <testcase classname="com.sportyShoe.Tests.HomepageTest" name="test_click_register_link" time="1.707"/>
  <system-out/>
</testsuite> <!-- com.sportyShoe.Tests.HomepageTest -->
