<?xml version="1.0" encoding="UTF-8"?>
<!-- Generated by org.testng.reporters.JUnitReportReporter -->
<testsuite hostname="MSI" failures="0" tests="2" name="com.sportyShoe.RestAssured.AddingShoe" time="1.107" errors="0" timestamp="2023-11-14T10:24:51 IST" skipped="1">
  <testcase classname="com.sportyShoe.RestAssured.AddingShoe" name="updateShoe" time="1.107"/>
  <system-out/>
  <testcase classname="com.sportyShoe.RestAssured.AddingShoe" name="addShoe">
    <skipped/>
  </testcase> <!-- addShoe -->
  <system-out/>
</testsuite> <!-- com.sportyShoe.RestAssured.AddingShoe -->
