<?xml version="1.0" encoding="UTF-8"?>
<!-- Generated by org.testng.reporters.JUnitReportReporter -->
<testsuite hostname="MSI" failures="0" tests="1" name="com.sportyShoe.RestAssured.DeletingShoe" time="0.972" errors="0" timestamp="2023-11-15T13:14:20 IST" skipped="0">
  <testcase classname="com.sportyShoe.RestAssured.DeletingShoe" name="delshoe" time="0.972"/>
  <system-out/>
</testsuite> <!-- com.sportyShoe.RestAssured.DeletingShoe -->
