<?xml version="1.0" encoding="UTF-8"?>
<!-- Generated by org.testng.reporters.JUnitReportReporter -->
<testsuite hostname="MSI" failures="0" tests="5" name="com.sportyShoe.Tests.RegisterPageTest" time="1.933" errors="0" timestamp="2023-11-15T13:11:18 IST" skipped="0">
  <testcase classname="com.sportyShoe.Tests.RegisterPageTest" name="test_getTitle" time="0.011"/>
  <system-out/>
  <testcase classname="com.sportyShoe.Tests.RegisterPageTest" name="test_click_reg_link" time="1.613"/>
  <system-out/>
  <testcase classname="com.sportyShoe.Tests.RegisterPageTest" name="Test_register_user" time="0.268"/>
  <system-out/>
  <testcase classname="com.sportyShoe.Tests.RegisterPageTest" name="Test_validate_registration_URL" time="0.012"/>
  <system-out/>
  <testcase classname="com.sportyShoe.Tests.RegisterPageTest" name="Test_validate_registration_Text" time="0.029"/>
  <system-out/>
</testsuite> <!-- com.sportyShoe.Tests.RegisterPageTest -->
