<?xml version="1.0" encoding="UTF-8"?>
<!-- Generated by org.testng.reporters.JUnitReportReporter -->
<testsuite hostname="MSI" failures="0" tests="2" name="com.sportyShoe.Tests.LoginPageTest" time="0.273" errors="0" timestamp="2023-11-15T13:12:01 IST" skipped="0">
  <testcase classname="com.sportyShoe.Tests.LoginPageTest" name="test_login" time="0.266"/>
  <system-out/>
  <testcase classname="com.sportyShoe.Tests.LoginPageTest" name="test_getTitle" time="0.007"/>
  <system-out/>
</testsuite> <!-- com.sportyShoe.Tests.LoginPageTest -->
